<?xml version="1.0" encoding="UTF-8"?>
<testsuite name="BankTest" tests="4" skipped="0" failures="0" errors="0" timestamp="2022-12-13T10:28:22" hostname="MASTUDENT-Adam-Little-D5W76VG43G.local" time="0.089">
  <properties/>
  <testcase name="bank_add_to_balance()" classname="BankTest" time="0.065"/>
  <testcase name="bank_has_a_balance()" classname="BankTest" time="0.001"/>
  <testcase name="bank_add_andthen_withdraw_some_balance_and_print_statement()" classname="BankTest" time="0.01"/>
  <testcase name="bank_add_andthen_withdraw_some_balance()" classname="BankTest" time="0.002"/>
  <system-out><![CDATA[]]></system-out>
  <system-err><![CDATA[]]></system-err>
</testsuite>
